This is pdfTeX, Version 3.1415926-2.5-1.40.14 (TeX Live 2013/Debian) (format=pdflatex 2015.3.31)  31 MAR 2015 14:00
entering extended mode
 restricted \write18 enabled.
 %&-line parsing enabled.
**/home/ewen/coinvent_demo/render.tex
(/home/ewen/coinvent_demo/render.tex
LaTeX2e <2011/06/27>
Babel <3.9h> and hyphenation patterns for 2 languages loaded.
(/usr/share/texlive/texmf-dist/tex/latex/base/article.cls
Document Class: article 2007/10/19 v1.4h Standard LaTeX document class
(/usr/share/texlive/texmf-dist/tex/latex/base/size10.clo
File: size10.clo 2007/10/19 v1.4h Standard LaTeX file (size option)
)
\c@part=\count79
\c@section=\count80
\c@subsection=\count81
\c@subsubsection=\count82
\c@paragraph=\count83
\c@subparagraph=\count84
\c@figure=\count85
\c@table=\count86
\abovecaptionskip=\skip41
\belowcaptionskip=\skip42
\bibindent=\dimen102
)
(/usr/share/texmf/tex/latex/musixtex/musixtex.sty
(/usr/share/texmf/tex/generic/musixtex/musixtex.tex
MusiXTeX(c) 1.15 <3 April 2011>
\n@i=\count87
\n@ii=\count88
\n@iii=\count89
\n@iv=\count90
\n@v=\count91
\n@vi=\count92
\n@vii=\count93
\n@viii=\count94
\toks@box=\box26
\w@rkbox=\box27
\n@otebox=\box28
\y@=\dimen103
\y@i=\dimen104
\y@ii=\dimen105
\y@iii=\dimen106
\y@iv=\dimen107
\y@v=\dimen108
\group@no=\count95
\interinstrument=\dimen109
\N@s=\count96
\s@Y=\dimen110
\lin@pos=\dimen111
\meet@minus@n@iv=\count97
\interbeam=\dimen112
\b@amthick=\dimen113
\Interligne=\dimen114
\Internote=\dimen115
\ch@box=\box29
\musicsize=\count98
\qd@skip=\dimen116
\qn@width=\dimen117
\wn@width=\dimen118
\txt@ff=\skip43
\s@indent=\skip44
\big@spc=\skip45
\lthick=\dimen119
\afterruleskip=\skip46
\staffbotmarg=\dimen120
\stafftopmarg=\dimen121
\line@width=\dimen122
\interportee=\dimen123
\noport@@=\count99
\noinstrum@nt=\count100
\altportee=\dimen124
\systemheight=\dimen125
\altplancher=\dimen126
\instrum@in@group=\skip47
\boxitsep=\skip48
\barsinpi@c@=\count101
\barno=\count102
\startbarno=\count103
\sign@skip=\dimen127
\maxsign@skip=\dimen128
\x@skip=\dimen129
\n@skip=\dimen130
\beforeruleskip=\skip49
\widthtyp@=\count104
\lastbarno=\count105
\cut@v=\skip50
\init@volta@pos=\skip51
\volta@startcor=\skip52
\volta@endcor=\skip53
\writ@volta@box=\box30
\barsinlin@=\count106
\maxbarsinlin@=\count107
\lastbarpos=\skip54
\ut@ref=\count108
\meterskip=\skip55
\t@c=\toks14
\clef@skip=\skip56
\noteskip=\dimen131
\transpose=\count109
\normaltranspose=\count110
\locx@skip=\dimen132
\elemskip=\dimen133
\@l@mskip=\dimen134
\inh@alt=\count111
\st@bot=\dimen135
\st@top=\dimen136
\stem@skip=\dimen137
\s@lope=\dimen138
\y@vi=\dimen139
\lift@rest=\dimen140
\accshift=\skip57
\@icresc=\skip58
\@itrillei=\skip59
\@itrilleii=\skip60
\@itrilleiii=\skip61
\@itrilleiv=\skip62
\@itrillev=\skip63
\@itrillevi=\skip64
\tr@number=\count112
\o@swz=\toks15
\o@number=\count113
\notes@open=\count114
\k@ii=\skip65
\i@ni=\dimen141
\b@xi=\dimen142
\b@zi=\dimen143
\c@xi=\dimen144
\c@zi=\skip66
\d@xi=\dimen145
\d@zi=\skip67
\e@xi=\dimen146
\e@zi=\skip68
\b@pi=\count115
\b@ni=\count116
\n@pi=\count117
\a@si=\count118
\o@si=\count119
\a@ci=\toks16
\o@ci=\toks17
\m@ti=\toks18
\k@iii=\skip69
\i@nii=\dimen147
\b@xii=\dimen148
\b@zii=\dimen149
\c@xii=\dimen150
\c@zii=\skip70
\d@xii=\dimen151
\d@zii=\skip71
\e@xii=\dimen152
\e@zii=\skip72
\b@pii=\count120
\b@nii=\count121
\n@pii=\count122
\a@sii=\count123
\o@sii=\count124
\a@cii=\toks19
\o@cii=\toks20
\m@tii=\toks21
\k@iiii=\skip73
\i@niii=\dimen153
\b@xiii=\dimen154
\b@ziii=\dimen155
\c@xiii=\dimen156
\c@ziii=\skip74
\d@xiii=\dimen157
\d@ziii=\skip75
\e@xiii=\dimen158
\e@ziii=\skip76
\b@piii=\count125
\b@niii=\count126
\n@piii=\count127
\a@siii=\count128
\o@siii=\count129
\a@ciii=\toks22
\o@ciii=\toks23
\m@tiii=\toks24
\k@iiv=\skip77
\i@niv=\dimen159
\b@xiv=\dimen160
\b@ziv=\dimen161
\c@xiv=\dimen162
\c@ziv=\skip78
\d@xiv=\dimen163
\d@ziv=\skip79
\e@xiv=\dimen164
\e@ziv=\skip80
\b@piv=\count130
\b@niv=\count131
\n@piv=\count132
\a@siv=\count133
\o@siv=\count134
\a@civ=\toks25
\o@civ=\toks26
\m@tiv=\toks27
\k@iv=\skip81
\i@nv=\dimen165
\b@xv=\dimen166
\b@zv=\dimen167
\c@xv=\dimen168
\c@zv=\skip82
\d@xv=\dimen169
\d@zv=\skip83
\e@xv=\dimen170
\e@zv=\skip84
\b@pv=\count135
\b@nv=\count136
\n@pv=\count137
\a@sv=\count138
\o@sv=\count139
\a@cv=\toks28
\o@cv=\toks29
\m@tv=\toks30
\k@ivi=\skip85
\i@nvi=\dimen171
\b@xvi=\dimen172
\b@zvi=\dimen173
\c@xvi=\dimen174
\c@zvi=\skip86
\d@xvi=\dimen175
\d@zvi=\skip87
\e@xvi=\dimen176
\e@zvi=\skip88
\b@pvi=\count140
\b@nvi=\count141
\n@pvi=\count142
\a@svi=\count143
\o@svi=\count144
\a@cvi=\toks31
\o@cvi=\toks32
\m@tvi=\toks33
maxinstruments=6
\f@xi=\dimen177
\f@zi=\skip89
\f@xii=\dimen178
\f@zii=\skip90
\f@xiii=\dimen179
\f@ziii=\skip91
\f@xiv=\dimen180
\f@ziv=\skip92
\f@xv=\dimen181
\f@zv=\skip93
\f@xvi=\dimen182
\f@zvi=\skip94
 max128beams=6
\g@bi=\skip95
\g@hi=\skip96
\g@bii=\skip97
\g@hii=\skip98
\g@biii=\skip99
\g@hiii=\skip100
 maxgroups=3
\s@xi=\dimen183
\s@si=\toks34
\s@Yi=\dimen184
\s@ai=\skip101
\s@yi=\count145
\s@Ni=\count146
\s@zi=\count147
\s@di=\toks35
\s@xii=\dimen185
\s@sii=\toks36
\s@Yii=\dimen186
\s@aii=\skip102
\s@yii=\count148
\s@Nii=\count149
\s@zii=\count150
\s@dii=\toks37
\s@xiii=\dimen187
\s@siii=\toks38
\s@Yiii=\dimen188
\s@aiii=\skip103
\s@yiii=\count151
\s@Niii=\count152
\s@ziii=\count153
\s@diii=\toks39
\s@xiv=\dimen189
\s@siv=\toks40
\s@Yiv=\dimen190
\s@aiv=\skip104
\s@yiv=\count154
\s@Niv=\count155
\s@ziv=\count156
\s@div=\toks41
\s@xv=\dimen191
\s@sv=\toks42
\s@Yv=\dimen192
\s@av=\skip105
\s@yv=\count157
\s@Nv=\count158
\s@zv=\count159
\s@dv=\toks43
\s@xvi=\dimen193
\s@svi=\toks44
\s@Yvi=\dimen194
\s@avi=\skip106
\s@yvi=\count160
\s@Nvi=\count161
\s@zvi=\count162
\s@dvi=\toks45
 maxslurs=6
\tr@xi=\skip107
\tr@swi=\toks46
\tr@yi=\skip108
\tr@xii=\skip109
\tr@swii=\toks47
\tr@yii=\skip110
\tr@xiii=\skip111
\tr@swiii=\toks48
\tr@yiii=\skip112
\tr@xiv=\skip113
\tr@swiv=\toks49
\tr@yiv=\skip114
\tr@xv=\skip115
\tr@swv=\toks50
\tr@yv=\skip116
\tr@xvi=\skip117
\tr@swvi=\toks51
\tr@yvi=\skip118
 maxtrills=6
\o@xi=\skip119
\o@yi=\skip120
\o@swi=\toks52
\o@xii=\skip121
\o@yii=\skip122
\o@swii=\toks53
\o@xiii=\skip123
\o@yiii=\skip124
\o@swiii=\toks54
\o@xiv=\skip125
\o@yiv=\skip126
\o@swiv=\toks55
\o@xv=\skip127
\o@yv=\skip128
\o@swv=\toks56
\o@xvi=\skip129
\o@yvi=\skip130
\o@swvi=\toks57

maxoctlines=6
\outmux=\write3
\mulooseness=\count163
\linegoal=\count164
\l@eftrightbox=\box31
\inmux=\read1
) (/usr/share/texmf/tex/latex/musixtex/musixltx.tex
MusiXLaTeX T.61 <25 September 1996>
)) (/home/ewen/coinvent_demo//render.aux)
\openout1 = `render.aux'.

LaTeX Font Info:    Checking defaults for OML/cmm/m/it on input line 4.
LaTeX Font Info:    ... okay on input line 4.
LaTeX Font Info:    Checking defaults for T1/cmr/m/n on input line 4.
LaTeX Font Info:    ... okay on input line 4.
LaTeX Font Info:    Checking defaults for OT1/cmr/m/n on input line 4.
LaTeX Font Info:    ... okay on input line 4.
LaTeX Font Info:    Checking defaults for OMS/cmsy/m/n on input line 4.
LaTeX Font Info:    ... okay on input line 4.
LaTeX Font Info:    Checking defaults for OMX/cmex/m/n on input line 4.
LaTeX Font Info:    ... okay on input line 4.
LaTeX Font Info:    Checking defaults for U/cmr/m/n on input line 4.
LaTeX Font Info:    ... okay on input line 4.
\openout3 = `render.mx1'.

 [1

{/var/lib/texmf/fonts/map/pdftex/updmap/pdftex.map}] (/home/ewen/coinvent_demo/
/render.aux) ) 
Here is how much of TeX's memory you used:
 1978 strings out of 495028
 15801 string characters out of 6181497
 64711 words of memory out of 5000000
 5188 multiletter control sequences out of 15000+600000
 25643 words of font info for 92 fonts, out of 8000000 for 9000
 14 hyphenation exceptions out of 8191
 23i,4n,17p,210b,209s stack positions out of 5000i,500n,10000p,200000b,80000s
</usr/share/texmf/fonts/type1/public/musixtex-fonts/musix20.pfb>
Output written on /home/ewen/coinvent_demo//render.pdf (1 page, 3695 bytes).
PDF statistics:
 12 PDF objects out of 1000 (max. 8388607)
 7 compressed objects within 1 object stream
 0 named destinations out of 1000 (max. 500000)
 1 words of extra memory for PDF output out of 10000 (max. 10000000)

